<?xml version="1.0" encoding="UTF-8"?>
<!-- Generated by org.testng.reporters.JUnitReportReporter -->
<testsuite hostname="DESKTOP-T9QN3PE" failures="0" tests="3" name="newpackage.GoogleTest" time="39.605" errors="0" timestamp="2022-11-21T13:59:32 IST" skipped="0">
  <testcase classname="newpackage.GoogleTest" name="TryPremeium" time="9.766"/>
  <system-out/>
  <testcase classname="newpackage.GoogleTest" name="signin" time="19.034"/>
  <system-out/>
  <testcase classname="newpackage.GoogleTest" name="Microsoft" time="10.805"/>
  <system-out/>
</testsuite> <!-- newpackage.GoogleTest -->
