<?xml version="1.0" encoding="UTF-8"?>
<!-- Generated by org.testng.reporters.JUnitReportReporter -->
<testsuite hostname="DESKTOP-T9QN3PE" failures="0" tests="3" name="newpackage.testngdemo1" time="25.004" errors="0" timestamp="2022-11-21T13:59:32 IST" skipped="0">
  <testcase classname="newpackage.testngdemo1" name="checkLogo" time="8.410"/>
  <system-out/>
  <testcase classname="newpackage.testngdemo1" name="checkText" time="8.261"/>
  <system-out/>
  <testcase classname="newpackage.testngdemo1" name="Microsoft" time="8.333"/>
  <system-out/>
</testsuite> <!-- newpackage.testngdemo1 -->
